<?xml version="1.0" encoding="UTF-8"?>
<testng-results ignored="0" total="1" passed="1" failed="0" skipped="0">
  <reporter-output>
  </reporter-output>
  <suite started-at="2023-09-04T12:06:53 GST" name="Default suite" finished-at="2023-09-04T12:17:07 GST" duration-ms="614744">
    <groups>
    </groups>
    <test started-at="2023-09-04T12:06:53 GST" name="Default test" finished-at="2023-09-04T12:17:07 GST" duration-ms="614744">
      <class name="Test_Scenerio.Testmethods">
        <test-method is-config="true" signature="beforetest()[pri:0, instance:Test_Scenerio.Testmethods@77c2494c]" started-at="2023-09-04T12:06:53 GST" name="beforetest" finished-at="2023-09-04T12:07:00 GST" duration-ms="7373" status="PASS">
          <reporter-output>
          </reporter-output>
        </test-method> <!-- beforetest -->
        <test-method signature="GetLinks()[pri:0, instance:Test_Scenerio.Testmethods@77c2494c]" started-at="2023-09-04T12:07:00 GST" name="GetLinks" finished-at="2023-09-04T12:17:07 GST" duration-ms="607156" status="PASS">
          <reporter-output>
          </reporter-output>
        </test-method> <!-- GetLinks -->
        <test-method is-config="true" signature="aftertest()[pri:0, instance:Test_Scenerio.Testmethods@77c2494c]" started-at="2023-09-04T12:17:07 GST" name="aftertest" finished-at="2023-09-04T12:17:07 GST" duration-ms="170" status="PASS">
          <reporter-output>
          </reporter-output>
        </test-method> <!-- aftertest -->
      </class> <!-- Test_Scenerio.Testmethods -->
    </test> <!-- Default test -->
  </suite> <!-- Default suite -->
</testng-results>
